<?xml version="1.0" encoding="UTF-8"?>
<coverage generated="1624533914118" clover="3.2.0">
  <project timestamp="1624533914119" name="All files">
    <metrics statements="38" coveredstatements="35" conditionals="6" coveredconditionals="3" methods="24" coveredmethods="24" elements="68" coveredelements="62" complexity="0" loc="38" ncloc="38" packages="3" files="7" classes="7"/>
    <package name="components">
      <metrics statements="32" coveredstatements="29" conditionals="6" coveredconditionals="3" methods="21" coveredmethods="21"/>
      <file name="Details.vue" path="C:\JavaScript\Vuejs\tv_maze\src\components\Details.vue">
        <metrics statements="6" coveredstatements="5" conditionals="2" coveredconditionals="1" methods="4" coveredmethods="4"/>
        <line num="31" count="2" type="stmt"/>
        <line num="37" count="2" type="stmt"/>
        <line num="44" count="2" type="cond" truecount="1" falsecount="1"/>
        <line num="45" count="2" type="stmt"/>
        <line num="48" count="0" type="stmt"/>
        <line num="53" count="4" type="stmt"/>
      </file>
      <file name="Home.vue" path="C:\JavaScript\Vuejs\tv_maze\src\components\Home.vue">
        <metrics statements="15" coveredstatements="14" conditionals="2" coveredconditionals="1" methods="9" coveredmethods="9"/>
        <line num="63" count="2" type="stmt"/>
        <line num="64" count="2" type="stmt"/>
        <line num="72" count="3" type="stmt"/>
        <line num="81" count="3" type="stmt"/>
        <line num="86" count="4" type="stmt"/>
        <line num="87" count="4" type="stmt"/>
        <line num="88" count="4" type="stmt"/>
        <line num="89" count="4" type="cond" truecount="1" falsecount="1"/>
        <line num="90" count="0" type="stmt"/>
        <line num="93" count="8" type="stmt"/>
        <line num="94" count="4" type="stmt"/>
        <line num="95" count="4" type="stmt"/>
        <line num="96" count="24" type="stmt"/>
        <line num="97" count="12" type="stmt"/>
        <line num="102" count="1" type="stmt"/>
      </file>
      <file name="Navbar.vue" path="C:\JavaScript\Vuejs\tv_maze\src\components\Navbar.vue">
        <metrics statements="2" coveredstatements="2" conditionals="0" coveredconditionals="0" methods="2" coveredmethods="2"/>
        <line num="23" count="2" type="stmt"/>
        <line num="29" count="1" type="stmt"/>
      </file>
      <file name="PageNotFound.vue" path="C:\JavaScript\Vuejs\tv_maze\src\components\PageNotFound.vue">
        <metrics statements="1" coveredstatements="1" conditionals="0" coveredconditionals="0" methods="1" coveredmethods="1"/>
        <line num="14" count="1" type="stmt"/>
      </file>
      <file name="Search.vue" path="C:\JavaScript\Vuejs\tv_maze\src\components\Search.vue">
        <metrics statements="8" coveredstatements="7" conditionals="2" coveredconditionals="1" methods="5" coveredmethods="5"/>
        <line num="34" count="2" type="stmt"/>
        <line num="39" count="3" type="stmt"/>
        <line num="46" count="3" type="cond" truecount="1" falsecount="1"/>
        <line num="47" count="3" type="stmt"/>
        <line num="50" count="0" type="stmt"/>
        <line num="55" count="3" type="stmt"/>
        <line num="56" count="3" type="stmt"/>
        <line num="60" count="1" type="stmt"/>
      </file>
    </package>
    <package name="router">
      <metrics statements="3" coveredstatements="3" conditionals="0" coveredconditionals="0" methods="0" coveredmethods="0"/>
      <file name="index.js" path="C:\JavaScript\Vuejs\tv_maze\src\router\index.js">
        <metrics statements="3" coveredstatements="3" conditionals="0" coveredconditionals="0" methods="0" coveredmethods="0"/>
        <line num="8" count="1" type="stmt"/>
        <line num="10" count="1" type="stmt"/>
        <line num="36" count="1" type="stmt"/>
      </file>
    </package>
    <package name="services">
      <metrics statements="3" coveredstatements="3" conditionals="0" coveredconditionals="0" methods="3" coveredmethods="3"/>
      <file name="api.js" path="C:\JavaScript\Vuejs\tv_maze\src\services\api.js">
        <metrics statements="3" coveredstatements="3" conditionals="0" coveredconditionals="0" methods="3" coveredmethods="3"/>
        <line num="3" count="1" type="stmt"/>
        <line num="6" count="1" type="stmt"/>
        <line num="9" count="1" type="stmt"/>
      </file>
    </package>
  </project>
</coverage>
