{"C:\\JavaScript\\Vuejs\\tv_maze\\src\\App.vue": {"path":"C:\\JavaScript\\Vuejs\\tv_maze\\src\\App.vue","statementMap":{"0":{"start":{"line":12,"column":0},"end":{"line":12,"column":null}},"1":{"start":{"line":19,"column":0},"end":{"line":19,"column":null}},"2":{"start":{"line":24,"column":0},"end":{"line":24,"column":null}},"3":{"start":{"line":25,"column":0},"end":{"line":25,"column":null}}},"fnMap":{"0":{"name":"(anonymous_1)","decl":{"start":{"line":18,"column":0},"end":{"line":18,"column":null}},"loc":{"start":{"line":18,"column":0},"end":{"line":22,"column":null}}},"1":{"name":"(anonymous_2)","decl":{"start":{"line":23,"column":0},"end":{"line":23,"column":null}},"loc":{"start":{"line":23,"column":0},"end":{"line":26,"column":null}}},"2":{"name":"(anonymous_3)","decl":{"start":{"line":24,"column":0},"end":{"line":24,"column":null}},"loc":{"start":{"line":24,"column":0},"end":{"line":24,"column":null}}}},"branchMap":{},"s":{"0":1,"1":5,"2":10,"3":0},"f":{"0":5,"1":5,"2":5},"b":{}}
,"C:\\JavaScript\\Vuejs\\tv_maze\\src\\components\\Details.vue": {"path":"C:\\JavaScript\\Vuejs\\tv_maze\\src\\components\\Details.vue","statementMap":{"0":{"start":{"line":35,"column":0},"end":{"line":35,"column":null}},"1":{"start":{"line":41,"column":0},"end":{"line":41,"column":null}},"2":{"start":{"line":48,"column":0},"end":{"line":53,"column":null}},"3":{"start":{"line":49,"column":0},"end":{"line":49,"column":null}},"4":{"start":{"line":52,"column":0},"end":{"line":52,"column":null}},"5":{"start":{"line":57,"column":0},"end":{"line":57,"column":null}}},"fnMap":{"0":{"name":"(anonymous_1)","decl":{"start":{"line":40,"column":0},"end":{"line":40,"column":null}},"loc":{"start":{"line":40,"column":0},"end":{"line":45,"column":null}}},"1":{"name":"(anonymous_2)","decl":{"start":{"line":47,"column":0},"end":{"line":47,"column":null}},"loc":{"start":{"line":47,"column":0},"end":{"line":54,"column":null}}},"2":{"name":"(anonymous_3)","decl":{"start":{"line":56,"column":0},"end":{"line":56,"column":null}},"loc":{"start":{"line":56,"column":0},"end":{"line":58,"column":null}}},"3":{"name":"(anonymous_4)","decl":{"start":{"line":57,"column":0},"end":{"line":57,"column":null}},"loc":{"start":{"line":57,"column":0},"end":{"line":57,"column":null}}}},"branchMap":{"0":{"loc":{"start":{"line":48,"column":0},"end":{"line":53,"column":null}},"type":"if","locations":[{"start":{"line":48,"column":0},"end":{"line":53,"column":null}},{"start":{"line":48,"column":0},"end":{"line":53,"column":null}}]}},"s":{"0":2,"1":2,"2":2,"3":2,"4":0,"5":4},"f":{"0":2,"1":2,"2":2,"3":2},"b":{"0":[2,0]}}
,"C:\\JavaScript\\Vuejs\\tv_maze\\src\\components\\Home.vue": {"path":"C:\\JavaScript\\Vuejs\\tv_maze\\src\\components\\Home.vue","statementMap":{"0":{"start":{"line":62,"column":0},"end":{"line":62,"column":null}},"1":{"start":{"line":67,"column":0},"end":{"line":67,"column":null}},"2":{"start":{"line":75,"column":0},"end":{"line":75,"column":null}},"3":{"start":{"line":80,"column":0},"end":{"line":93,"column":null}},"4":{"start":{"line":81,"column":0},"end":{"line":81,"column":null}},"5":{"start":{"line":82,"column":0},"end":{"line":86,"column":null}},"6":{"start":{"line":83,"column":0},"end":{"line":85,"column":null}},"7":{"start":{"line":84,"column":0},"end":{"line":84,"column":null}},"8":{"start":{"line":87,"column":0},"end":{"line":87,"column":null}},"9":{"start":{"line":88,"column":0},"end":{"line":88,"column":null}},"10":{"start":{"line":89,"column":0},"end":{"line":92,"column":null}},"11":{"start":{"line":90,"column":0},"end":{"line":90,"column":null}},"12":{"start":{"line":91,"column":0},"end":{"line":91,"column":null}},"13":{"start":{"line":96,"column":0},"end":{"line":96,"column":null}}},"fnMap":{"0":{"name":"(anonymous_1)","decl":{"start":{"line":66,"column":0},"end":{"line":66,"column":null}},"loc":{"start":{"line":66,"column":0},"end":{"line":73,"column":null}}},"1":{"name":"(anonymous_2)","decl":{"start":{"line":74,"column":0},"end":{"line":74,"column":null}},"loc":{"start":{"line":74,"column":0},"end":{"line":76,"column":null}}},"2":{"name":"(anonymous_3)","decl":{"start":{"line":79,"column":0},"end":{"line":79,"column":null}},"loc":{"start":{"line":79,"column":0},"end":{"line":94,"column":null}}},"3":{"name":"(anonymous_4)","decl":{"start":{"line":80,"column":0},"end":{"line":80,"column":null}},"loc":{"start":{"line":80,"column":0},"end":{"line":93,"column":null}}},"4":{"name":"(anonymous_5)","decl":{"start":{"line":82,"column":0},"end":{"line":82,"column":null}},"loc":{"start":{"line":82,"column":0},"end":{"line":86,"column":null}}},"5":{"name":"(anonymous_6)","decl":{"start":{"line":87,"column":0},"end":{"line":87,"column":null}},"loc":{"start":{"line":87,"column":0},"end":{"line":87,"column":null}}},"6":{"name":"(anonymous_7)","decl":{"start":{"line":89,"column":0},"end":{"line":89,"column":null}},"loc":{"start":{"line":89,"column":0},"end":{"line":92,"column":null}}},"7":{"name":"(anonymous_8)","decl":{"start":{"line":90,"column":0},"end":{"line":90,"column":null}},"loc":{"start":{"line":90,"column":0},"end":{"line":90,"column":null}}},"8":{"name":"(anonymous_9)","decl":{"start":{"line":95,"column":0},"end":{"line":95,"column":null}},"loc":{"start":{"line":95,"column":0},"end":{"line":102,"column":null}}}},"branchMap":{"0":{"loc":{"start":{"line":83,"column":0},"end":{"line":85,"column":null}},"type":"if","locations":[{"start":{"line":83,"column":0},"end":{"line":85,"column":null}},{"start":{"line":83,"column":0},"end":{"line":85,"column":null}}]}},"s":{"0":2,"1":3,"2":3,"3":4,"4":4,"5":4,"6":4,"7":0,"8":8,"9":4,"10":4,"11":24,"12":12,"13":1},"f":{"0":3,"1":3,"2":4,"3":4,"4":4,"5":4,"6":12,"7":12,"8":1},"b":{"0":[0,4]}}
,"C:\\JavaScript\\Vuejs\\tv_maze\\src\\components\\Navbar.vue": {"path":"C:\\JavaScript\\Vuejs\\tv_maze\\src\\components\\Navbar.vue","statementMap":{"0":{"start":{"line":22,"column":0},"end":{"line":22,"column":null}},"1":{"start":{"line":28,"column":0},"end":{"line":28,"column":null}}},"fnMap":{"0":{"name":"(anonymous_1)","decl":{"start":{"line":21,"column":0},"end":{"line":21,"column":null}},"loc":{"start":{"line":21,"column":0},"end":{"line":25,"column":null}}},"1":{"name":"(anonymous_2)","decl":{"start":{"line":27,"column":0},"end":{"line":27,"column":null}},"loc":{"start":{"line":27,"column":0},"end":{"line":34,"column":null}}}},"branchMap":{},"s":{"0":2,"1":1},"f":{"0":2,"1":1},"b":{}}
,"C:\\JavaScript\\Vuejs\\tv_maze\\src\\components\\PageNotFound.vue": {"path":"C:\\JavaScript\\Vuejs\\tv_maze\\src\\components\\PageNotFound.vue","statementMap":{"0":{"start":{"line":14,"column":0},"end":{"line":14,"column":null}}},"fnMap":{"0":{"name":"(anonymous_1)","decl":{"start":{"line":13,"column":0},"end":{"line":13,"column":null}},"loc":{"start":{"line":13,"column":0},"end":{"line":17,"column":null}}}},"branchMap":{},"s":{"0":1},"f":{"0":1},"b":{}}
,"C:\\JavaScript\\Vuejs\\tv_maze\\src\\components\\Search.vue": {"path":"C:\\JavaScript\\Vuejs\\tv_maze\\src\\components\\Search.vue","statementMap":{"0":{"start":{"line":32,"column":0},"end":{"line":32,"column":null}},"1":{"start":{"line":37,"column":0},"end":{"line":37,"column":null}},"2":{"start":{"line":47,"column":0},"end":{"line":52,"column":null}},"3":{"start":{"line":48,"column":0},"end":{"line":48,"column":null}},"4":{"start":{"line":51,"column":0},"end":{"line":51,"column":null}},"5":{"start":{"line":56,"column":0},"end":{"line":58,"column":null}},"6":{"start":{"line":57,"column":0},"end":{"line":57,"column":null}},"7":{"start":{"line":61,"column":0},"end":{"line":61,"column":null}}},"fnMap":{"0":{"name":"(anonymous_1)","decl":{"start":{"line":36,"column":0},"end":{"line":36,"column":null}},"loc":{"start":{"line":36,"column":0},"end":{"line":44,"column":null}}},"1":{"name":"(anonymous_2)","decl":{"start":{"line":46,"column":0},"end":{"line":46,"column":null}},"loc":{"start":{"line":46,"column":0},"end":{"line":53,"column":null}}},"2":{"name":"(anonymous_3)","decl":{"start":{"line":55,"column":0},"end":{"line":55,"column":null}},"loc":{"start":{"line":55,"column":0},"end":{"line":59,"column":null}}},"3":{"name":"(anonymous_4)","decl":{"start":{"line":56,"column":0},"end":{"line":56,"column":null}},"loc":{"start":{"line":56,"column":0},"end":{"line":58,"column":null}}},"4":{"name":"(anonymous_5)","decl":{"start":{"line":60,"column":0},"end":{"line":60,"column":null}},"loc":{"start":{"line":60,"column":0},"end":{"line":67,"column":null}}}},"branchMap":{"0":{"loc":{"start":{"line":47,"column":0},"end":{"line":52,"column":null}},"type":"if","locations":[{"start":{"line":47,"column":0},"end":{"line":52,"column":null}},{"start":{"line":47,"column":0},"end":{"line":52,"column":null}}]}},"s":{"0":2,"1":3,"2":3,"3":3,"4":0,"5":3,"6":3,"7":1},"f":{"0":3,"1":3,"2":3,"3":3,"4":1},"b":{"0":[3,0]}}
,"C:\\JavaScript\\Vuejs\\tv_maze\\src\\router\\index.js": {"path":"C:\\JavaScript\\Vuejs\\tv_maze\\src\\router\\index.js","statementMap":{"0":{"start":{"line":8,"column":0},"end":{"line":8,"column":18}},"1":{"start":{"line":10,"column":15},"end":{"line":34,"column":1}},"2":{"start":{"line":36,"column":15},"end":{"line":39,"column":2}}},"fnMap":{},"branchMap":{},"s":{"0":1,"1":1,"2":1},"f":{},"b":{},"_coverageSchema":"43e27e138ebf9cfc5966b082cf9a028302ed4184","hash":"570c7965593a159bfa6059e623dbf3c44d388e9b"}
,"C:\\JavaScript\\Vuejs\\tv_maze\\src\\services\\api.js": {"path":"C:\\JavaScript\\Vuejs\\tv_maze\\src\\services\\api.js","statementMap":{"0":{"start":{"line":3,"column":2},"end":{"line":3,"column":50}},"1":{"start":{"line":6,"column":2},"end":{"line":6,"column":66}},"2":{"start":{"line":9,"column":2},"end":{"line":9,"column":54}}},"fnMap":{"0":{"name":"getAllShows","decl":{"start":{"line":2,"column":16},"end":{"line":2,"column":27}},"loc":{"start":{"line":2,"column":30},"end":{"line":4,"column":1}},"line":2},"1":{"name":"searchForShows","decl":{"start":{"line":5,"column":16},"end":{"line":5,"column":30}},"loc":{"start":{"line":5,"column":38},"end":{"line":7,"column":1}},"line":5},"2":{"name":"getTvShowDetails","decl":{"start":{"line":8,"column":16},"end":{"line":8,"column":32}},"loc":{"start":{"line":8,"column":37},"end":{"line":10,"column":1}},"line":8}},"branchMap":{},"s":{"0":1,"1":1,"2":1},"f":{"0":1,"1":1,"2":1},"b":{},"_coverageSchema":"43e27e138ebf9cfc5966b082cf9a028302ed4184","hash":"6e2f1845582e2c432db007a73ad2115f739d2585"}
}
