TN:
SF:C:\JavaScript\Vuejs\tv_maze\src\components\Details.vue
FN:36,(anonymous_1)
FN:43,(anonymous_2)
FN:52,(anonymous_3)
FN:53,(anonymous_4)
FNF:4
FNH:4
FNDA:2,(anonymous_1)
FNDA:2,(anonymous_2)
FNDA:2,(anonymous_3)
FNDA:2,(anonymous_4)
DA:31,2
DA:37,2
DA:44,2
DA:45,2
DA:48,0
DA:53,4
LF:6
LH:5
BRDA:44,0,0,2
BRDA:44,0,1,0
BRF:2
BRH:1
end_of_record
TN:
SF:C:\JavaScript\Vuejs\tv_maze\src\components\Home.vue
FN:71,(anonymous_1)
FN:80,(anonymous_2)
FN:85,(anonymous_3)
FN:86,(anonymous_4)
FN:88,(anonymous_5)
FN:93,(anonymous_6)
FN:95,(anonymous_7)
FN:96,(anonymous_8)
FN:101,(anonymous_9)
FNF:9
FNH:9
FNDA:3,(anonymous_1)
FNDA:3,(anonymous_2)
FNDA:4,(anonymous_3)
FNDA:4,(anonymous_4)
FNDA:4,(anonymous_5)
FNDA:4,(anonymous_6)
FNDA:12,(anonymous_7)
FNDA:12,(anonymous_8)
FNDA:1,(anonymous_9)
DA:63,2
DA:64,2
DA:72,3
DA:81,3
DA:86,4
DA:87,4
DA:88,4
DA:89,4
DA:90,0
DA:93,8
DA:94,4
DA:95,4
DA:96,24
DA:97,12
DA:102,1
LF:15
LH:14
BRDA:89,0,0,0
BRDA:89,0,1,4
BRF:2
BRH:1
end_of_record
TN:
SF:C:\JavaScript\Vuejs\tv_maze\src\components\Navbar.vue
FN:22,(anonymous_1)
FN:28,(anonymous_2)
FNF:2
FNH:2
FNDA:2,(anonymous_1)
FNDA:1,(anonymous_2)
DA:23,2
DA:29,1
LF:2
LH:2
BRF:0
BRH:0
end_of_record
TN:
SF:C:\JavaScript\Vuejs\tv_maze\src\components\PageNotFound.vue
FN:13,(anonymous_1)
FNF:1
FNH:1
FNDA:1,(anonymous_1)
DA:14,1
LF:1
LH:1
BRF:0
BRH:0
end_of_record
TN:
SF:C:\JavaScript\Vuejs\tv_maze\src\components\Search.vue
FN:38,(anonymous_1)
FN:45,(anonymous_2)
FN:54,(anonymous_3)
FN:55,(anonymous_4)
FN:59,(anonymous_5)
FNF:5
FNH:5
FNDA:3,(anonymous_1)
FNDA:3,(anonymous_2)
FNDA:3,(anonymous_3)
FNDA:3,(anonymous_4)
FNDA:1,(anonymous_5)
DA:34,2
DA:39,3
DA:46,3
DA:47,3
DA:50,0
DA:55,3
DA:56,3
DA:60,1
LF:8
LH:7
BRDA:46,0,0,3
BRDA:46,0,1,0
BRF:2
BRH:1
end_of_record
TN:
SF:C:\JavaScript\Vuejs\tv_maze\src\router\index.js
FNF:0
FNH:0
DA:8,1
DA:10,1
DA:36,1
LF:3
LH:3
BRF:0
BRH:0
end_of_record
TN:
SF:C:\JavaScript\Vuejs\tv_maze\src\services\api.js
FN:2,getAllShows
FN:5,searchForShows
FN:8,getTvShowDetails
FNF:3
FNH:3
FNDA:1,getAllShows
FNDA:1,searchForShows
FNDA:1,getTvShowDetails
DA:3,1
DA:6,1
DA:9,1
LF:3
LH:3
BRF:0
BRH:0
end_of_record
