TN:
SF:C:\JavaScript\Vuejs\tv_maze\src\App.vue
FN:18,(anonymous_1)
FN:23,(anonymous_2)
FN:24,(anonymous_3)
FNF:3
FNH:3
FNDA:5,(anonymous_1)
FNDA:5,(anonymous_2)
FNDA:5,(anonymous_3)
DA:12,1
DA:19,5
DA:24,10
DA:25,0
LF:4
LH:3
BRF:0
BRH:0
end_of_record
TN:
SF:C:\JavaScript\Vuejs\tv_maze\src\components\Details.vue
FN:48,(anonymous_1)
FN:58,(anonymous_2)
FN:66,(anonymous_3)
FN:67,(anonymous_4)
FNF:4
FNH:4
FNDA:2,(anonymous_1)
FNDA:2,(anonymous_2)
FNDA:2,(anonymous_3)
FNDA:2,(anonymous_4)
DA:43,2
DA:49,2
DA:59,2
DA:60,2
DA:62,0
DA:67,2
DA:68,2
LF:7
LH:6
BRDA:59,0,0,2
BRDA:59,0,1,0
BRF:2
BRH:1
end_of_record
TN:
SF:C:\JavaScript\Vuejs\tv_maze\src\components\Home.vue
FN:77,(anonymous_1)
FN:85,(anonymous_2)
FN:90,(anonymous_3)
FN:91,(anonymous_4)
FN:93,(anonymous_5)
FN:98,(anonymous_6)
FN:100,(anonymous_7)
FN:101,(anonymous_8)
FN:108,(anonymous_9)
FNF:9
FNH:9
FNDA:3,(anonymous_1)
FNDA:3,(anonymous_2)
FNDA:4,(anonymous_3)
FNDA:4,(anonymous_4)
FNDA:4,(anonymous_5)
FNDA:4,(anonymous_6)
FNDA:12,(anonymous_7)
FNDA:12,(anonymous_8)
FNDA:1,(anonymous_9)
DA:73,2
DA:78,3
DA:86,3
DA:91,4
DA:92,4
DA:93,4
DA:94,4
DA:95,0
DA:98,8
DA:99,4
DA:100,4
DA:101,24
DA:104,12
DA:109,1
LF:14
LH:13
BRDA:94,0,0,0
BRDA:94,0,1,4
BRF:2
BRH:1
end_of_record
TN:
SF:C:\JavaScript\Vuejs\tv_maze\src\components\Navbar.vue
FN:30,(anonymous_1)
FN:36,(anonymous_2)
FNF:2
FNH:2
FNDA:2,(anonymous_1)
FNDA:1,(anonymous_2)
DA:31,2
DA:37,1
LF:2
LH:2
BRF:0
BRH:0
end_of_record
TN:
SF:C:\JavaScript\Vuejs\tv_maze\src\components\PageNotFound.vue
FN:16,(anonymous_1)
FN:22,(anonymous_2)
FNF:2
FNH:1
FNDA:1,(anonymous_1)
FNDA:0,(anonymous_2)
DA:17,1
DA:23,0
LF:2
LH:1
BRF:0
BRH:0
end_of_record
TN:
SF:C:\JavaScript\Vuejs\tv_maze\src\components\Search.vue
FN:41,(anonymous_1)
FN:51,(anonymous_2)
FN:59,(anonymous_3)
FN:60,(anonymous_4)
FN:64,(anonymous_5)
FNF:5
FNH:5
FNDA:3,(anonymous_1)
FNDA:3,(anonymous_2)
FNDA:3,(anonymous_3)
FNDA:3,(anonymous_4)
FNDA:1,(anonymous_5)
DA:37,2
DA:42,3
DA:52,3
DA:53,3
DA:55,0
DA:60,3
DA:61,3
DA:65,1
LF:8
LH:7
BRDA:52,0,0,3
BRDA:52,0,1,0
BRF:2
BRH:1
end_of_record
TN:
SF:C:\JavaScript\Vuejs\tv_maze\src\router\index.js
FNF:0
FNH:0
DA:8,1
DA:10,1
DA:36,1
LF:3
LH:3
BRF:0
BRH:0
end_of_record
TN:
SF:C:\JavaScript\Vuejs\tv_maze\src\services\api.js
FN:2,getAllShows
FN:5,searchForShows
FN:8,getTvShowDetails
FNF:3
FNH:3
FNDA:1,getAllShows
FNDA:1,searchForShows
FNDA:1,getTvShowDetails
DA:3,1
DA:6,1
DA:9,1
LF:3
LH:3
BRF:0
BRH:0
end_of_record
